
  .   ____          _            __ _ _
 /\\ / ___'_ __ _ _(_)_ __  __ _ \ \ \ \
( ( )\___ | '_ | '_| | '_ \/ _` | \ \ \ \
 \\/  ___)| |_)| | | | | || (_| |  ) ) ) )
  '  |____| .__|_| |_|_| |_\__, | / / / /
 =========|_|==============|___/=/_/_/_/

 :: Spring Boot ::                (v4.0.0)

2025-12-09T00:10:28.991Z  INFO 1 --- [service-registry] [           main] c.s.ServiceRegistryApplication           : Starting ServiceRegistryApplication v0.0.1-SNAPSHOT using Java 17.0.17 with PID 1 (/app.jar started by root in /)
2025-12-09T00:10:29.050Z  INFO 1 --- [service-registry] [           main] c.s.ServiceRegistryApplication           : No active profile set, falling back to 1 default profile: "default"
2025-12-09T00:10:41.958Z  INFO 1 --- [service-registry] [           main] o.s.cloud.context.scope.GenericScope     : BeanFactory id=66c7ce29-e870-3c61-a4ed-996d3e0a2ece
2025-12-09T00:10:45.182Z  INFO 1 --- [service-registry] [           main] o.s.boot.tomcat.TomcatWebServer          : Tomcat initialized with port 8761 (http)
2025-12-09T00:10:45.296Z  INFO 1 --- [service-registry] [           main] o.apache.catalina.core.StandardService   : Starting service [Tomcat]
2025-12-09T00:10:45.306Z  INFO 1 --- [service-registry] [           main] o.apache.catalina.core.StandardEngine    : Starting Servlet engine: [Apache Tomcat/11.0.14]
2025-12-09T00:10:45.610Z  INFO 1 --- [service-registry] [           main] b.w.c.s.WebApplicationContextInitializer : Root WebApplicationContext: initialization completed in 15955 ms
2025-12-09T00:10:54.213Z  INFO 1 --- [service-registry] [           main] c.n.d.provider.DiscoveryJerseyProvider   : Using JSON encoding codec LegacyJacksonJson
2025-12-09T00:10:54.224Z  INFO 1 --- [service-registry] [           main] c.n.d.provider.DiscoveryJerseyProvider   : Using JSON decoding codec LegacyJacksonJson
2025-12-09T00:10:55.367Z  INFO 1 --- [service-registry] [           main] c.n.d.provider.DiscoveryJerseyProvider   : Using XML encoding codec XStreamXml
2025-12-09T00:10:55.369Z  INFO 1 --- [service-registry] [           main] c.n.d.provider.DiscoveryJerseyProvider   : Using XML decoding codec XStreamXml
2025-12-09T00:10:57.140Z  INFO 1 --- [service-registry] [           main] o.s.v.b.OptionalValidatorFactoryBean     : Failed to set up a Bean Validation provider: jakarta.validation.NoProviderFoundException: Unable to create a Configuration, because no Jakarta Validation provider could be found. Add a provider like Hibernate Validator (RI) to your classpath.
2025-12-09T00:11:03.304Z  WARN 1 --- [service-registry] [           main] iguration$LoadBalancerCaffeineWarnLogger : Spring Cloud LoadBalancer is currently working with the default cache. While this cache implementation is useful for development and tests, it's recommended to use Caffeine cache in production.You can switch to using Caffeine cache, by adding it and org.springframework.cache.caffeine.CaffeineCacheManager to the classpath.
2025-12-09T00:11:03.512Z  INFO 1 --- [service-registry] [           main] o.s.c.n.eureka.InstanceInfoFactory       : Setting initial instance status as: STARTING
2025-12-09T00:11:03.599Z  INFO 1 --- [service-registry] [           main] com.netflix.discovery.DiscoveryClient    : Initializing Eureka in region us-east-1
2025-12-09T00:11:03.638Z  INFO 1 --- [service-registry] [           main] com.netflix.discovery.DiscoveryClient    : Client configured to neither register nor query for data.
2025-12-09T00:11:03.653Z  INFO 1 --- [service-registry] [           main] com.netflix.discovery.DiscoveryClient    : Discovery Client initialized at timestamp 1765239063643 with initial instances count: 0
2025-12-09T00:11:03.911Z  INFO 1 --- [service-registry] [           main] c.n.eureka.DefaultEurekaServerContext    : Initializing ...
2025-12-09T00:11:03.922Z  WARN 1 --- [service-registry] [           main] c.n.eureka.cluster.PeerEurekaNodes       : The replica size seems to be empty. Check the route 53 DNS Registry
2025-12-09T00:11:03.999Z  INFO 1 --- [service-registry] [           main] c.n.e.registry.AbstractInstanceRegistry  : Finished initializing remote region registries. All known remote regions: []
2025-12-09T00:11:04.000Z  INFO 1 --- [service-registry] [           main] c.n.eureka.DefaultEurekaServerContext    : Initialized
2025-12-09T00:11:04.089Z  INFO 1 --- [service-registry] [           main] o.s.b.a.e.web.EndpointLinksResolver      : Exposing 1 endpoint beneath base path '/actuator'
2025-12-09T00:11:04.437Z  INFO 1 --- [service-registry] [           main] o.s.c.n.e.s.EurekaServiceRegistry        : Registering application SERVICE-REGISTRY with eureka with status UP
2025-12-09T00:11:04.513Z  INFO 1 --- [service-registry] [       Thread-9] o.s.c.n.e.server.EurekaServerBootstrap   : isAws returned false
2025-12-09T00:11:04.519Z  INFO 1 --- [service-registry] [       Thread-9] o.s.c.n.e.server.EurekaServerBootstrap   : Initialized server context
2025-12-09T00:11:04.520Z  INFO 1 --- [service-registry] [       Thread-9] c.n.e.r.PeerAwareInstanceRegistryImpl    : Got 1 instances from neighboring DS node
2025-12-09T00:11:04.520Z  INFO 1 --- [service-registry] [       Thread-9] c.n.e.r.PeerAwareInstanceRegistryImpl    : Renew threshold is: 1
2025-12-09T00:11:04.521Z  INFO 1 --- [service-registry] [       Thread-9] c.n.e.r.PeerAwareInstanceRegistryImpl    : Changing status to UP
2025-12-09T00:11:04.538Z  INFO 1 --- [service-registry] [       Thread-9] e.s.EurekaServerInitializerConfiguration : Started Eureka Server
2025-12-09T00:11:04.676Z  INFO 1 --- [service-registry] [           main] o.s.boot.tomcat.TomcatWebServer          : Tomcat started on port 8761 (http) with context path '/'
2025-12-09T00:11:04.679Z  INFO 1 --- [service-registry] [           main] .s.c.n.e.s.EurekaAutoServiceRegistration : Updating port to 8761
2025-12-09T00:11:04.731Z  INFO 1 --- [service-registry] [           main] c.s.ServiceRegistryApplication           : Started ServiceRegistryApplication in 42.624 seconds (process running for 47.037)
2025-12-09T00:12:04.523Z  INFO 1 --- [service-registry] [a-EvictionTimer] c.n.e.registry.AbstractInstanceRegistry  : Running the evict task with compensationTime 0ms
2025-12-09T00:13:04.523Z  INFO 1 --- [service-registry] [a-EvictionTimer] c.n.e.registry.AbstractInstanceRegistry  : Running the evict task with compensationTime 5ms
